<?xml version="1.0" encoding="UTF-8" ?>
<testsuites disabled="0" errors="0" failures="0" tests="8" time="0.06">
 <testsuite name="draft-front-end App" timestamp="2018-11-13T16:27:17" hostname="localhost" time="0.06" errors="0" tests="8" skipped="0" disabled="0" failures="0">
  <testcase classname="draft-front-end App" name="Register a new user" time="0.008" />
  <testcase classname="draft-front-end App" name="login as new user" time="0.039" />
  <testcase classname="draft-front-end App" name="Create a new article and validate the article appears in the feed" time="0.003" />
  <testcase classname="draft-front-end App" name="Update headline headline and verify change" time="0.002" />
  <testcase classname="draft-front-end App" name="Log out new user" time="0.003" />
  <testcase classname="draft-front-end App" name="Log in as your test user" time="0.002" />
  <testcase classname="draft-front-end App" name="Search for Only One Article Like This and verify only one article shows, and verify the author" time="0.001" />
  <testcase classname="draft-front-end App" name="log out as test user" time="0.001" />
 </testsuite>
</testsuites>